<?xml version="1.0" encoding="UTF-8"?>
<testng-results ignored="0" total="2" passed="2" failed="0" skipped="0">
  <reporter-output>
  </reporter-output>
  <suite started-at="2024-12-16T14:52:59 IST" name="Default suite" finished-at="2024-12-16T14:53:13 IST" duration-ms="14557">
    <groups>
    </groups>
    <test started-at="2024-12-16T14:52:59 IST" name="Default test" finished-at="2024-12-16T14:53:13 IST" duration-ms="14557">
      <class name="com.testCases.lauchtestFlipkart">
        <test-method is-config="true" signature="setup()[pri:0, instance:com.testCases.lauchtestFlipkart@139982de]" started-at="2024-12-16T14:52:59 IST" name="setup" finished-at="2024-12-16T14:53:05 IST" duration-ms="5846" status="PASS">
          <reporter-output>
          </reporter-output>
        </test-method> <!-- setup -->
        <test-method signature="openFlipKart()[pri:0, instance:com.testCases.lauchtestFlipkart@139982de]" started-at="2024-12-16T14:53:05 IST" name="openFlipKart" finished-at="2024-12-16T14:53:05 IST" duration-ms="19" status="PASS">
          <reporter-output>
          </reporter-output>
        </test-method> <!-- openFlipKart -->
        <test-method is-config="true" signature="end()[pri:0, instance:com.testCases.lauchtestFlipkart@139982de]" started-at="2024-12-16T14:53:05 IST" name="end" finished-at="2024-12-16T14:53:05 IST" duration-ms="272" status="PASS">
          <reporter-output>
          </reporter-output>
        </test-method> <!-- end -->
        <test-method is-config="true" signature="setup()[pri:0, instance:com.testCases.lauchtestFlipkart@139982de]" started-at="2024-12-16T14:53:05 IST" name="setup" finished-at="2024-12-16T14:53:10 IST" duration-ms="5062" status="PASS">
          <reporter-output>
          </reporter-output>
        </test-method> <!-- setup -->
        <test-method signature="searchBarItemSearch()[pri:0, instance:com.testCases.lauchtestFlipkart@139982de]" started-at="2024-12-16T14:53:10 IST" name="searchBarItemSearch" finished-at="2024-12-16T14:53:13 IST" duration-ms="2994" status="PASS">
          <reporter-output>
          </reporter-output>
        </test-method> <!-- searchBarItemSearch -->
        <test-method is-config="true" signature="end()[pri:0, instance:com.testCases.lauchtestFlipkart@139982de]" started-at="2024-12-16T14:53:13 IST" name="end" finished-at="2024-12-16T14:53:13 IST" duration-ms="317" status="PASS">
          <reporter-output>
          </reporter-output>
        </test-method> <!-- end -->
      </class> <!-- com.testCases.lauchtestFlipkart -->
    </test> <!-- Default test -->
  </suite> <!-- Default suite -->
</testng-results>
